# JRE version: Java(TM) SE Runtime Environment (8.0_144-b01) (build 1.8.0_144-b01)
# Java VM: Java HotSpot(TM) 64-Bit Server VM (25.144-b01 mixed mode windows-amd64 compressed oops)
Heap:
 PSYoungGen      total 141312K, used 109768K [0x00000000f5580000, 0x0000000100000000, 0x0000000100000000)
  eden space 107520K, 95% used [0x00000000f5580000,0x00000000fb9458f0,0x00000000fbe80000)
  from space 33792K, 22% used [0x00000000fdf00000,0x00000000fe66c750,0x0000000100000000)
  to   space 33280K, 0% used [0x00000000fbe80000,0x00000000fbe80000,0x00000000fdf00000)
 ParOldGen       total 199680K, used 120384K [0x00000000e0000000, 0x00000000ec300000, 0x00000000f5580000)
  object space 199680K, 60% used [0x00000000e0000000,0x00000000e75900b0,0x00000000ec300000)
 Metaspace       used 80271K, capacity 87024K, committed 87168K, reserved 1124352K
  class space    used 11129K, capacity 13122K, committed 13184K, reserved 1048576K
GC Heap History (10 events):
Event: 62.388 GC heap before
{Heap before GC invocations=21 (full 3):
 PSYoungGen      total 136192K, used 118853K [0x00000000f5580000, 0x00000000fff80000, 0x0000000100000000)
  eden space 100352K, 100% used [0x00000000f5580000,0x00000000fb780000,0x00000000fb780000)
  from space 35840K, 51% used [0x00000000fb780000,0x00000000fc9915d8,0x00000000fda80000)
  to   space 34816K, 0% used [0x00000000fdd80000,0x00000000fdd80000,0x00000000fff80000)
 ParOldGen       total 199680K, used 43001K [0x00000000e0000000, 0x00000000ec300000, 0x00000000f5580000)
  object space 199680K, 21% used [0x00000000e0000000,0x00000000e29fe5d8,0x00000000ec300000)
 Metaspace       used 68278K, capacity 73160K, committed 73472K, reserved 1112064K
  class space    used 9566K, capacity 11166K, committed 11264K, reserved 1048576K
Event: 62.477 GC heap after
Heap after GC invocations=21 (full 3):
 PSYoungGen      total 135168K, used 13030K [0x00000000f5580000, 0x00000000ffc00000, 0x0000000100000000)
  eden space 103936K, 0% used [0x00000000f5580000,0x00000000f5580000,0x00000000fbb00000)
  from space 31232K, 41% used [0x00000000fdd80000,0x00000000fea39848,0x00000000ffc00000)
  to   space 33280K, 0% used [0x00000000fbb00000,0x00000000fbb00000,0x00000000fdb80000)
 ParOldGen       total 199680K, used 59509K [0x00000000e0000000, 0x00000000ec300000, 0x00000000f5580000)
  object space 199680K, 29% used [0x00000000e0000000,0x00000000e3a1d658,0x00000000ec300000)
 Metaspace       used 68278K, capacity 73160K, committed 73472K, reserved 1112064K
  class space    used 9566K, capacity 11166K, committed 11264K, reserved 1048576K
}
Event: 65.547 GC heap before
{Heap before GC invocations=22 (full 3):
 PSYoungGen      total 135168K, used 116966K [0x00000000f5580000, 0x00000000ffc00000, 0x0000000100000000)
  eden space 103936K, 100% used [0x00000000f5580000,0x00000000fbb00000,0x00000000fbb00000)
  from space 31232K, 41% used [0x00000000fdd80000,0x00000000fea39848,0x00000000ffc00000)
  to   space 33280K, 0% used [0x00000000fbb00000,0x00000000fbb00000,0x00000000fdb80000)
 ParOldGen       total 199680K, used 59509K [0x00000000e0000000, 0x00000000ec300000, 0x00000000f5580000)
  object space 199680K, 29% used [0x00000000e0000000,0x00000000e3a1d658,0x00000000ec300000)
 Metaspace       used 70989K, capacity 76766K, committed 76928K, reserved 1114112K
  class space    used 9978K, capacity 11892K, committed 11904K, reserved 1048576K
Event: 65.630 GC heap after
Heap after GC invocations=22 (full 3):
 PSYoungGen      total 137216K, used 21313K [0x00000000f5580000, 0x0000000100000000, 0x0000000100000000)
  eden space 103936K, 0% used [0x00000000f5580000,0x00000000f5580000,0x00000000fbb00000)
  from space 33280K, 64% used [0x00000000fbb00000,0x00000000fcfd06d0,0x00000000fdb80000)
  to   space 33792K, 0% used [0x00000000fdf00000,0x00000000fdf00000,0x0000000100000000)
 ParOldGen       total 199680K, used 69501K [0x00000000e0000000, 0x00000000ec300000, 0x00000000f5580000)
  object space 199680K, 34% used [0x00000000e0000000,0x00000000e43df5d8,0x00000000ec300000)
 Metaspace       used 70989K, capacity 76766K, committed 76928K, reserved 1114112K
  class space    used 9978K, capacity 11892K, committed 11904K, reserved 1048576K
}
Event: 73.873 GC heap before
{Heap before GC invocations=23 (full 3):
 PSYoungGen      total 137216K, used 125249K [0x00000000f5580000, 0x0000000100000000, 0x0000000100000000)
  eden space 103936K, 100% used [0x00000000f5580000,0x00000000fbb00000,0x00000000fbb00000)
  from space 33280K, 64% used [0x00000000fbb00000,0x00000000fcfd06d0,0x00000000fdb80000)
  to   space 33792K, 0% used [0x00000000fdf00000,0x00000000fdf00000,0x0000000100000000)
 ParOldGen       total 199680K, used 69501K [0x00000000e0000000, 0x00000000ec300000, 0x00000000f5580000)
  object space 199680K, 34% used [0x00000000e0000000,0x00000000e43df5d8,0x00000000ec300000)
 Metaspace       used 74655K, capacity 80568K, committed 80768K, reserved 1118208K
  class space    used 10380K, capacity 12312K, committed 12416K, reserved 1048576K
Event: 73.954 GC heap after
Heap after GC invocations=23 (full 3):
 PSYoungGen      total 139776K, used 13390K [0x00000000f5580000, 0x00000000ffe80000, 0x0000000100000000)
  eden space 107520K, 0% used [0x00000000f5580000,0x00000000f5580000,0x00000000fbe80000)
  from space 32256K, 41% used [0x00000000fdf00000,0x00000000fec13958,0x00000000ffe80000)
  to   space 32768K, 0% used [0x00000000fbe80000,0x00000000fbe80000,0x00000000fde80000)
 ParOldGen       total 199680K, used 89316K [0x00000000e0000000, 0x00000000ec300000, 0x00000000f5580000)
  object space 199680K, 44% used [0x00000000e0000000,0x00000000e57393b8,0x00000000ec300000)
 Metaspace       used 74655K, capacity 80568K, committed 80768K, reserved 1118208K
  class space    used 10380K, capacity 12312K, committed 12416K, reserved 1048576K
}
Event: 75.909 GC heap before
{Heap before GC invocations=24 (full 3):
 PSYoungGen      total 139776K, used 120910K [0x00000000f5580000, 0x00000000ffe80000, 0x0000000100000000)
  eden space 107520K, 100% used [0x00000000f5580000,0x00000000fbe80000,0x00000000fbe80000)
  from space 32256K, 41% used [0x00000000fdf00000,0x00000000fec13958,0x00000000ffe80000)
  to   space 32768K, 0% used [0x00000000fbe80000,0x00000000fbe80000,0x00000000fde80000)
 ParOldGen       total 199680K, used 89316K [0x00000000e0000000, 0x00000000ec300000, 0x00000000f5580000)
  object space 199680K, 44% used [0x00000000e0000000,0x00000000e57393b8,0x00000000ec300000)
 Metaspace       used 76096K, capacity 82442K, committed 82560K, reserved 1120256K
  class space    used 10607K, capacity 12569K, committed 12672K, reserved 1048576K
Event: 76.017 GC heap after
Heap after GC invocations=24 (full 3):
 PSYoungGen      total 140288K, used 23028K [0x00000000f5580000, 0x0000000100000000, 0x0000000100000000)
  eden space 107520K, 0% used [0x00000000f5580000,0x00000000f5580000,0x00000000fbe80000)
  from space 32768K, 70% used [0x00000000fbe80000,0x00000000fd4fd298,0x00000000fde80000)
  to   space 33792K, 0% used [0x00000000fdf00000,0x00000000fdf00000,0x0000000100000000)
 ParOldGen       total 199680K, used 98854K [0x00000000e0000000, 0x00000000ec300000, 0x00000000f5580000)
  object space 199680K, 49% used [0x00000000e0000000,0x00000000e6089850,0x00000000ec300000)
 Metaspace       used 76096K, capacity 82442K, committed 82560K, reserved 1120256K
  class space    used 10607K, capacity 12569K, committed 12672K, reserved 1048576K
}
Event: 79.127 GC heap before
{Heap before GC invocations=25 (full 3):
 PSYoungGen      total 140288K, used 130548K [0x00000000f5580000, 0x0000000100000000, 0x0000000100000000)
  eden space 107520K, 100% used [0x00000000f5580000,0x00000000fbe80000,0x00000000fbe80000)
  from space 32768K, 70% used [0x00000000fbe80000,0x00000000fd4fd298,0x00000000fde80000)
  to   space 33792K, 0% used [0x00000000fdf00000,0x00000000fdf00000,0x0000000100000000)
 ParOldGen       total 199680K, used 98854K [0x00000000e0000000, 0x00000000ec300000, 0x00000000f5580000)
  object space 199680K, 49% used [0x00000000e0000000,0x00000000e6089850,0x00000000ec300000)
 Metaspace       used 77294K, capacity 83850K, committed 83968K, reserved 1120256K
  class space    used 10757K, capacity 12725K, committed 12800K, reserved 1048576K
Event: 79.186 GC heap after
Heap after GC invocations=25 (full 3):
 PSYoungGen      total 141312K, used 7601K [0x00000000f5580000, 0x0000000100000000, 0x0000000100000000)
  eden space 107520K, 0% used [0x00000000f5580000,0x00000000f5580000,0x00000000fbe80000)
  from space 33792K, 22% used [0x00000000fdf00000,0x00000000fe66c750,0x0000000100000000)
  to   space 33280K, 0% used [0x00000000fbe80000,0x00000000fbe80000,0x00000000fdf00000)
 ParOldGen       total 199680K, used 120384K [0x00000000e0000000, 0x00000000ec300000, 0x00000000f5580000)
  object space 199680K, 60% used [0x00000000e0000000,0x00000000e75900b0,0x00000000ec300000)
 Metaspace       used 77294K, capacity 83850K, committed 83968K, reserved 1120256K
  class space    used 10757K, capacity 12725K, committed 12800K, reserved 1048576K
}

